Compiling build :app to "target/cljsbuild/public/js/app.js" from ["src/cljs" "src/cljc" "env/dev/cljs"]...
[32mSuccessfully compiled build :app to "target/cljsbuild/public/js/app.js" in 1.008 seconds.[0m
notifying browser that file changed:  target/cljsbuild/public/js/out/goog/deps.js
notifying browser that file changed:  target/cljsbuild/public/js/out/cljs_deps.js
notifying browser that file changed:  target/cljsbuild/public/js/out/whatishacktivism/core.js
Compiling build :app to "target/cljsbuild/public/js/app.js" from ["src/cljs" "src/cljc" "env/dev/cljs"]...
[32mSuccessfully compiled build :app to "target/cljsbuild/public/js/app.js" in 0.861 seconds.[0m
notifying browser that file changed:  target/cljsbuild/public/js/out/whatishacktivism/core.js
Compiling build :app to "target/cljsbuild/public/js/app.js" from ["src/cljs" "src/cljc" "env/dev/cljs"]...
[32mSuccessfully compiled build :app to "target/cljsbuild/public/js/app.js" in 0.804 seconds.[0m
notifying browser that file changed:  target/cljsbuild/public/js/out/whatishacktivism/core.js
Compiling build :app to "target/cljsbuild/public/js/app.js" from ["src/cljs" "src/cljc" "env/dev/cljs"]...
[32mSuccessfully compiled build :app to "target/cljsbuild/public/js/app.js" in 0.777 seconds.[0m
notifying browser that file changed:  target/cljsbuild/public/js/out/whatishacktivism/core.js
Compiling build :app to "target/cljsbuild/public/js/app.js" from ["src/cljs" "src/cljc" "env/dev/cljs"]...
[32mSuccessfully compiled build :app to "target/cljsbuild/public/js/app.js" in 0.728 seconds.[0m
notifying browser that file changed:  target/cljsbuild/public/js/out/whatishacktivism/core.js
Compiling build :app to "target/cljsbuild/public/js/app.js" from ["src/cljs" "src/cljc" "env/dev/cljs"]...
[32mSuccessfully compiled build :app to "target/cljsbuild/public/js/app.js" in 0.71 seconds.[0m
notifying browser that file changed:  target/cljsbuild/public/js/out/whatishacktivism/core.js
Compiling build :app to "target/cljsbuild/public/js/app.js" from ["src/cljs" "src/cljc" "env/dev/cljs"]...
[32mSuccessfully compiled build :app to "target/cljsbuild/public/js/app.js" in 0.76 seconds.[0m
notifying browser that file changed:  target/cljsbuild/public/js/out/whatishacktivism/core.js
Compiling build :app to "target/cljsbuild/public/js/app.js" from ["src/cljs" "src/cljc" "env/dev/cljs"]...
[32mSuccessfully compiled build :app to "target/cljsbuild/public/js/app.js" in 0.706 seconds.[0m
notifying browser that file changed:  target/cljsbuild/public/js/out/whatishacktivism/core.js
Compiling build :app to "target/cljsbuild/public/js/app.js" from ["src/cljs" "src/cljc" "env/dev/cljs"]...
[32mSuccessfully compiled build :app to "target/cljsbuild/public/js/app.js" in 0.739 seconds.[0m
notifying browser that file changed:  target/cljsbuild/public/js/out/whatishacktivism/core.js
Compiling build :app to "target/cljsbuild/public/js/app.js" from ["src/cljs" "src/cljc" "env/dev/cljs"]...
[32mSuccessfully compiled build :app to "target/cljsbuild/public/js/app.js" in 0.794 seconds.[0m
notifying browser that file changed:  target/cljsbuild/public/js/out/whatishacktivism/core.js
Compiling build :app to "target/cljsbuild/public/js/app.js" from ["src/cljs" "src/cljc" "env/dev/cljs"]...
[32mSuccessfully compiled build :app to "target/cljsbuild/public/js/app.js" in 0.712 seconds.[0m
notifying browser that file changed:  target/cljsbuild/public/js/out/whatishacktivism/core.js
Compiling build :app to "target/cljsbuild/public/js/app.js" from ["src/cljs" "src/cljc" "env/dev/cljs"]...
[32mSuccessfully compiled build :app to "target/cljsbuild/public/js/app.js" in 0.699 seconds.[0m
notifying browser that file changed:  target/cljsbuild/public/js/out/whatishacktivism/core.js
Compiling build :app to "target/cljsbuild/public/js/app.js" from ["src/cljs" "src/cljc" "env/dev/cljs"]...
[32mSuccessfully compiled build :app to "target/cljsbuild/public/js/app.js" in 0.7 seconds.[0m
notifying browser that file changed:  target/cljsbuild/public/js/out/whatishacktivism/core.js
Compiling build :app to "target/cljsbuild/public/js/app.js" from ["src/cljs" "src/cljc" "env/dev/cljs"]...
[32mSuccessfully compiled build :app to "target/cljsbuild/public/js/app.js" in 0.696 seconds.[0m
notifying browser that file changed:  target/cljsbuild/public/js/out/whatishacktivism/core.js
Compiling build :app to "target/cljsbuild/public/js/app.js" from ["src/cljs" "src/cljc" "env/dev/cljs"]...
[32mSuccessfully compiled build :app to "target/cljsbuild/public/js/app.js" in 0.675 seconds.[0m
notifying browser that file changed:  target/cljsbuild/public/js/out/whatishacktivism/core.js
Compiling build :app to "target/cljsbuild/public/js/app.js" from ["src/cljs" "src/cljc" "env/dev/cljs"]...
[32mSuccessfully compiled build :app to "target/cljsbuild/public/js/app.js" in 0.747 seconds.[0m
notifying browser that file changed:  target/cljsbuild/public/js/out/whatishacktivism/core.js
Compiling build :app to "target/cljsbuild/public/js/app.js" from ["src/cljs" "src/cljc" "env/dev/cljs"]...
[32mSuccessfully compiled build :app to "target/cljsbuild/public/js/app.js" in 0.639 seconds.[0m
notifying browser that file changed:  target/cljsbuild/public/js/out/whatishacktivism/core.js
Compiling build :app to "target/cljsbuild/public/js/app.js" from ["src/cljs" "src/cljc" "env/dev/cljs"]...
[32mSuccessfully compiled build :app to "target/cljsbuild/public/js/app.js" in 0.722 seconds.[0m
notifying browser that file changed:  target/cljsbuild/public/js/out/whatishacktivism/core.js
Compiling build :app to "target/cljsbuild/public/js/app.js" from ["src/cljs" "src/cljc" "env/dev/cljs"]...
[32mSuccessfully compiled build :app to "target/cljsbuild/public/js/app.js" in 0.788 seconds.[0m
notifying browser that file changed:  target/cljsbuild/public/js/out/whatishacktivism/core.js
Compiling build :app to "target/cljsbuild/public/js/app.js" from ["src/cljs" "src/cljc" "env/dev/cljs"]...
[32mSuccessfully compiled build :app to "target/cljsbuild/public/js/app.js" in 0.655 seconds.[0m
notifying browser that file changed:  target/cljsbuild/public/js/out/whatishacktivism/core.js
Compiling build :app to "target/cljsbuild/public/js/app.js" from ["src/cljs" "src/cljc" "env/dev/cljs"]...
[32mSuccessfully compiled build :app to "target/cljsbuild/public/js/app.js" in 0.665 seconds.[0m
notifying browser that file changed:  target/cljsbuild/public/js/out/whatishacktivism/core.js
Compiling build :app to "target/cljsbuild/public/js/app.js" from ["src/cljs" "src/cljc" "env/dev/cljs"]...
[32mSuccessfully compiled build :app to "target/cljsbuild/public/js/app.js" in 0.651 seconds.[0m
notifying browser that file changed:  target/cljsbuild/public/js/out/whatishacktivism/core.js
Compiling build :app to "target/cljsbuild/public/js/app.js" from ["src/cljs" "src/cljc" "env/dev/cljs"]...
[32mSuccessfully compiled build :app to "target/cljsbuild/public/js/app.js" in 0.657 seconds.[0m
notifying browser that file changed:  target/cljsbuild/public/js/out/whatishacktivism/core.js
Compiling build :app to "target/cljsbuild/public/js/app.js" from ["src/cljs" "src/cljc" "env/dev/cljs"]...
[32mSuccessfully compiled build :app to "target/cljsbuild/public/js/app.js" in 0.677 seconds.[0m
notifying browser that file changed:  target/cljsbuild/public/js/out/whatishacktivism/core.js
Compiling build :app to "target/cljsbuild/public/js/app.js" from ["src/cljs" "src/cljc" "env/dev/cljs"]...
[32mSuccessfully compiled build :app to "target/cljsbuild/public/js/app.js" in 2.585 seconds.[0m
notifying browser that file changed:  target/cljsbuild/public/js/out/goog/deps.js
notifying browser that file changed:  target/cljsbuild/public/js/out/cljs_deps.js
notifying browser that file changed:  target/cljsbuild/public/js/out/whatishacktivism/core.js
Compiling build :app to "target/cljsbuild/public/js/app.js" from ["src/cljs" "src/cljc" "env/dev/cljs"]...
[32mSuccessfully compiled build :app to "target/cljsbuild/public/js/app.js" in 0.986 seconds.[0m
notifying browser that file changed:  target/cljsbuild/public/js/out/whatishacktivism/core.js
Compiling build :app to "target/cljsbuild/public/js/app.js" from ["src/cljs" "src/cljc" "env/dev/cljs"]...
[36m----  Compiler Warning on   src/cljs/whatishacktivism/core.cljs   line:38  column:3  ----[0m

  [1mWrong number of args (1) passed to whatishacktivism.core/card[0m

  [36m34[0m  [36m    [:div.col-md-12[0m
  [36m35[0m  [36m     [:img {:src (str js/context "/img/warning_clojure.png")}]]]])[0m
  [36m36[0m  [36m[0m
  [36m37[0m  [36m(defn home-page [][0m
  [33m38[0m  [1m  (card "Hacktivism is...") "Lorem ipsum dolor sit amet, consetetur sadipscing eliter, sed diam nonumy eirmod...")[0m
  [0m  [0m  [33m  ^--- Wrong number of args (1) passed to whatishacktivism.core/card[0m
  [36m39[0m  [36m[0m
  [36m40[0m  [36m[0m
  [36m41[0m  [36m(def pages[0m
  [36m42[0m  [36m  {:home #'home-page[0m
  [36m43[0m  [36m   :about #'about-page})[0m

[36m----  Compiler Warning : Please see src/cljs/whatishacktivism/core.cljs  ----[0m
[32mSuccessfully compiled build :app to "target/cljsbuild/public/js/app.js" in 0.918 seconds.[0m
notifying browser that file changed:  target/cljsbuild/public/js/out/whatishacktivism/core.js
Compiling build :app to "target/cljsbuild/public/js/app.js" from ["src/cljs" "src/cljc" "env/dev/cljs"]...
[36m----  Compiler Warning on   src/cljs/whatishacktivism/core.cljs   line:37  column:1  ----[0m

  [1mCan't take value of macro cljs.core/defn[0m

  [36m33[0m  [36m   [:div.row[0m
  [36m34[0m  [36m    [:div.col-md-12[0m
  [36m35[0m  [36m     [:img {:src (str js/context "/img/warning_clojure.png")}]]]])[0m
  [36m36[0m  [36m[0m
  [33m37[0m  [1mdefn home-page [][0m
  [0m  [0m  [33m^--- Can't take value of macro cljs.core/defn[0m
  [36m38[0m  [36m(card "Hacktivism is...") "Lorem ipsum dolor sit amet, consetetur sadipscing eliter, sed diam nonumy eirmod..."[0m
  [36m39[0m  [36m[0m
  [36m40[0m  [36m[0m
  [36m41[0m  [36m(def pages[0m
  [36m42[0m  [36m  {:home #'home-page[0m

[36m----  Compiler Warning : Please see src/cljs/whatishacktivism/core.cljs  ----[0m
[36m----  Compiler Warning on   src/cljs/whatishacktivism/core.cljs   line:37  column:6  ----[0m

  [1mUse of undeclared Var whatishacktivism.core/home-page[0m

  [36m33[0m  [36m   [:div.row[0m
  [36m34[0m  [36m    [:div.col-md-12[0m
  [36m35[0m  [36m     [:img {:src (str js/context "/img/warning_clojure.png")}]]]])[0m
  [36m36[0m  [36m[0m
  [33m37[0m  [1mdefn home-page [][0m
  [0m  [0m  [33m     ^--- Use of undeclared Var whatishacktivism.core/home-page[0m
  [36m38[0m  [36m(card "Hacktivism is...") "Lorem ipsum dolor sit amet, consetetur sadipscing eliter, sed diam nonumy eirmod..."[0m
  [36m39[0m  [36m[0m
  [36m40[0m  [36m[0m
  [36m41[0m  [36m(def pages[0m
  [36m42[0m  [36m  {:home #'home-page[0m

[36m----  Compiler Warning : Please see src/cljs/whatishacktivism/core.cljs  ----[0m
[36m----  Compiler Warning on   src/cljs/whatishacktivism/core.cljs   line:38  column:1  ----[0m

  [1mWrong number of args (1) passed to whatishacktivism.core/card[0m

  [36m34[0m  [36m    [:div.col-md-12[0m
  [36m35[0m  [36m     [:img {:src (str js/context "/img/warning_clojure.png")}]]]])[0m
  [36m36[0m  [36m[0m
  [36m37[0m  [36mdefn home-page [][0m
  [33m38[0m  [1m(card "Hacktivism is...") "Lorem ipsum dolor sit amet, consetetur sadipscing eliter, sed diam nonumy eirmod..."[0m
  [0m  [0m  [33m^--- Wrong number of args (1) passed to whatishacktivism.core/card[0m
  [36m39[0m  [36m[0m
  [36m40[0m  [36m[0m
  [36m41[0m  [36m(def pages[0m
  [36m42[0m  [36m  {:home #'home-page[0m
  [36m43[0m  [36m   :about #'about-page})[0m

[36m----  Compiler Warning : Please see src/cljs/whatishacktivism/core.cljs  ----[0m
[31mFailed to compile build :app from ["src/cljs" "src/cljc" "env/dev/cljs"] in 0.392 seconds.[0m
[36m----  Could not Analyze  src/cljs/whatishacktivism/core.cljs   line:41  column:1  ----[0m

  [1mUnable to resolve var: home-page in this context at line 41 src/cljs/whatishacktivism/core.cljs[0m

  [33m41[0m  [1m(def pages[0m
  [0m  [0m  [33m^--- Unable to resolve var: home-page in this context at line 41 src/cljs/whatishacktivism/core.cljs[0m
  [36m42[0m  [36m  {:home #'home-page[0m
  [36m43[0m  [36m   :about #'about-page})[0m

[36m----  Analysis Error : Please see src/cljs/whatishacktivism/core.cljs  ----[0m
Compiling build :app to "target/cljsbuild/public/js/app.js" from ["src/cljs" "src/cljc" "env/dev/cljs"]...
[32mSuccessfully compiled build :app to "target/cljsbuild/public/js/app.js" in 0.867 seconds.[0m
notifying browser that file changed:  target/cljsbuild/public/js/out/whatishacktivism/core.js
Compiling build :app to "target/cljsbuild/public/js/app.js" from ["src/cljs" "src/cljc" "env/dev/cljs"]...
[32mSuccessfully compiled build :app to "target/cljsbuild/public/js/app.js" in 0.804 seconds.[0m
notifying browser that file changed:  target/cljsbuild/public/js/out/whatishacktivism/core.js
Compiling build :app to "target/cljsbuild/public/js/app.js" from ["src/cljs" "src/cljc" "env/dev/cljs"]...
[32mSuccessfully compiled build :app to "target/cljsbuild/public/js/app.js" in 0.783 seconds.[0m
notifying browser that file changed:  target/cljsbuild/public/js/out/whatishacktivism/core.js
Compiling build :app to "target/cljsbuild/public/js/app.js" from ["src/cljs" "src/cljc" "env/dev/cljs"]...
[32mSuccessfully compiled build :app to "target/cljsbuild/public/js/app.js" in 0.96 seconds.[0m
notifying browser that file changed:  target/cljsbuild/public/js/out/whatishacktivism/core.js
Compiling build :app to "target/cljsbuild/public/js/app.js" from ["src/cljs" "src/cljc" "env/dev/cljs"]...
[32mSuccessfully compiled build :app to "target/cljsbuild/public/js/app.js" in 0.746 seconds.[0m
notifying browser that file changed:  target/cljsbuild/public/js/out/whatishacktivism/core.js
Compiling build :app to "target/cljsbuild/public/js/app.js" from ["src/cljs" "src/cljc" "env/dev/cljs"]...
[32mSuccessfully compiled build :app to "target/cljsbuild/public/js/app.js" in 0.861 seconds.[0m
notifying browser that file changed:  target/cljsbuild/public/js/out/whatishacktivism/core.js
Compiling build :app to "target/cljsbuild/public/js/app.js" from ["src/cljs" "src/cljc" "env/dev/cljs"]...
[32mSuccessfully compiled build :app to "target/cljsbuild/public/js/app.js" in 0.743 seconds.[0m
notifying browser that file changed:  target/cljsbuild/public/js/out/whatishacktivism/core.js
Compiling build :app to "target/cljsbuild/public/js/app.js" from ["src/cljs" "src/cljc" "env/dev/cljs"]...
[32mSuccessfully compiled build :app to "target/cljsbuild/public/js/app.js" in 0.717 seconds.[0m
notifying browser that file changed:  target/cljsbuild/public/js/out/whatishacktivism/core.js
